<?xml version="1.0" encoding="UTF-8"?>
<testng-results total="2" passed="2" failed="0" skipped="0">
  <reporter-output>
  </reporter-output>
  <suite started-at="2020-04-14T14:34:22Z" name="BDD Test Suite" finished-at="2020-04-14T14:35:21Z" duration-ms="58624">
    <groups>
      <group name="cucumber">
        <method signature="TestRunner.feature(cucumber.api.testng.CucumberFeatureWrapper)[pri:0, instance:com.testRunner.TestRunner@76b10754]" name="feature" class="com.testRunner.TestRunner"/>
      </group> <!-- cucumber -->
    </groups>
    <test started-at="2020-04-14T14:34:22Z" name="TestRunner Test" finished-at="2020-04-14T14:35:21Z" duration-ms="58624">
      <class name="com.testRunner.TestRunner">
        <test-method is-config="true" signature="setUpClass()[pri:0, instance:com.testRunner.TestRunner@76b10754]" started-at="2020-04-14T20:04:22Z" name="setUpClass" finished-at="2020-04-14T20:04:23Z" duration-ms="482" status="PASS">
          <reporter-output>
          </reporter-output>
        </test-method> <!-- setUpClass -->
        <test-method signature="feature(cucumber.api.testng.CucumberFeatureWrapper)[pri:0, instance:com.testRunner.TestRunner@76b10754]" started-at="2020-04-14T20:04:23Z" name="feature" description="Runs cucmber Features" data-provider="features" finished-at="2020-04-14T20:05:07Z" duration-ms="44062" status="PASS">
          <params>
            <param index="0">
              <value>
                <![CDATA[This feature is about testing automation guild homePage functionality]]>
              </value>
            </param>
          </params>
          <reporter-output>
          </reporter-output>
        </test-method> <!-- feature -->
        <test-method signature="feature(cucumber.api.testng.CucumberFeatureWrapper)[pri:0, instance:com.testRunner.TestRunner@76b10754]" started-at="2020-04-14T20:05:07Z" name="feature" description="Runs cucmber Features" data-provider="features" finished-at="2020-04-14T20:05:21Z" duration-ms="13736" status="PASS">
          <params>
            <param index="0">
              <value>
                <![CDATA[This feature is about testing automation guild login page functionality]]>
              </value>
            </param>
          </params>
          <reporter-output>
          </reporter-output>
        </test-method> <!-- feature -->
        <test-method is-config="true" signature="testDownClass()[pri:0, instance:com.testRunner.TestRunner@76b10754]" started-at="2020-04-14T20:05:21Z" name="testDownClass" finished-at="2020-04-14T20:05:21Z" duration-ms="198" status="PASS">
          <reporter-output>
          </reporter-output>
        </test-method> <!-- testDownClass -->
      </class> <!-- com.testRunner.TestRunner -->
    </test> <!-- TestRunner Test -->
  </suite> <!-- BDD Test Suite -->
</testng-results>
