<?xml version="1.0" encoding="UTF-8"?>
<testng-results skipped="0" failed="0" total="2" passed="2">
  <reporter-output>
  </reporter-output>
  <suite name="Default suite" duration-ms="71830" started-at="2020-04-01T05:26:40Z" finished-at="2020-04-01T05:27:52Z">
    <groups>
      <group name="cucumber">
        <method signature="TestRunner.feature(cucumber.api.testng.CucumberFeatureWrapper)[pri:0, instance:com.testRunner.TestRunner@3c0ecd4b]" name="feature" class="com.testRunner.TestRunner"/>
      </group> <!-- cucumber -->
    </groups>
    <test name="Default test" duration-ms="71830" started-at="2020-04-01T05:26:40Z" finished-at="2020-04-01T05:27:52Z">
      <class name="com.testRunner.TestRunner">
        <test-method status="PASS" signature="setUpClass()[pri:0, instance:com.testRunner.TestRunner@3c0ecd4b]" name="setUpClass" is-config="true" duration-ms="339" started-at="2020-04-01T10:56:40Z" finished-at="2020-04-01T10:56:41Z">
          <reporter-output>
          </reporter-output>
        </test-method> <!-- setUpClass -->
        <test-method status="PASS" signature="feature(cucumber.api.testng.CucumberFeatureWrapper)[pri:0, instance:com.testRunner.TestRunner@3c0ecd4b]" name="feature" duration-ms="59705" started-at="2020-04-01T10:56:41Z" description="Runs cucmber Features" data-provider="features" finished-at="2020-04-01T10:57:41Z">
          <params>
            <param index="0">
              <value>
                <![CDATA[This feature is about testing automation guild homePage functionality]]>
              </value>
            </param>
          </params>
          <reporter-output>
          </reporter-output>
        </test-method> <!-- feature -->
        <test-method status="PASS" signature="feature(cucumber.api.testng.CucumberFeatureWrapper)[pri:0, instance:com.testRunner.TestRunner@3c0ecd4b]" name="feature" duration-ms="11228" started-at="2020-04-01T10:57:41Z" description="Runs cucmber Features" data-provider="features" finished-at="2020-04-01T10:57:52Z">
          <params>
            <param index="0">
              <value>
                <![CDATA[This feature is about testing automation guild login page functionality]]>
              </value>
            </param>
          </params>
          <reporter-output>
          </reporter-output>
        </test-method> <!-- feature -->
        <test-method status="PASS" signature="testDownClass()[pri:0, instance:com.testRunner.TestRunner@3c0ecd4b]" name="testDownClass" is-config="true" duration-ms="58" started-at="2020-04-01T10:57:52Z" finished-at="2020-04-01T10:57:52Z">
          <reporter-output>
          </reporter-output>
        </test-method> <!-- testDownClass -->
      </class> <!-- com.testRunner.TestRunner -->
    </test> <!-- Default test -->
  </suite> <!-- Default suite -->
</testng-results>
